  AlternativeAttack.cpp
  Miscellaneous.cpp
  Movement.cpp
  AnimationSystem.cpp
  AntiAim.cpp
  Autowall.cpp
  FakeLag.cpp
  ServerAnimations.cpp
  ShotHandling.cpp
  Scripting.cpp
D:\2022\VC\Tools\MSVC\14.29.30133\include\xutility(149,56): warning C4244: “初始化”: 从“_Ty”转换到“_Ty”，可能丢失数据
          with
          [
              _Ty=int
          ]
          and
          [
              _Ty=float
          ]
D:\2022\VC\Tools\MSVC\14.29.30133\include\any(297): message : 查看对正在编译的函数 模板 实例化“void std::_Construct_in_place<_Decayed,_Ty>(float &,_Ty &&) noexcept”的引用
          with
          [
              _Decayed=float,
              _Ty=int
          ]
D:\2022\VC\Tools\MSVC\14.29.30133\include\any(149): message : 查看对正在编译的函数 模板 实例化“_Decayed &std::any::_Emplace<float,_Ty>(_Ty &&)”的引用
          with
          [
              _Decayed=float,
              _Ty=int
          ]
D:\2022\VC\Tools\MSVC\14.29.30133\include\any(361): message : 查看对正在编译的函数 模板 实例化“std::any::any<_ValueType,_Ty,0>(std::in_place_type_t<_ValueType>,_Ty &&)”的引用
          with
          [
              _ValueType=float,
              _Ty=int
          ]
E:\gamesense_legacy\Kaaba.su\pandora-final\SDK\variables.hpp(169): message : 查看对正在编译的函数 模板 实例化“std::any std::make_any<T,_Ty>(_Ty &&)”的引用
          with
          [
              T=float,
              _Ty=int
          ]
E:\gamesense_legacy\Kaaba.su\pandora-final\SDK\variables.hpp(503): message : 查看对正在编译的函数 模板 实例化“T *CBaseGroup::AddOption<float,int>(const char *,int &&)”的引用
          with
          [
              T=float
          ]
  BulletTracers.cpp
  Glow.cpp
  Hitmarker.cpp
  Visuals.cpp
  AddBoxOverlay.cpp
  BeginFrame.cpp
  Chams.cpp
  BuildTransformations.cpp
  CalcViewBob.cpp
  C_BaseAnimating__DrawModel.cpp
  正在生成代码...
  正在编译...
  DoProceduralFootPlant.cpp
  DrawSetColor.cpp
  FrameStageNotify.cpp
  GameTrace.cpp
  IsHltv.cpp
  IsRenderableInPVS.cpp
  ModifyEyePosition.cpp
  OverrideConfig.cpp
  PhysicsSimulate.cpp
  Present.cpp
  ProcessInterpolatedList.cpp
  ProcessMovement.cpp
  ProcessTempEntities.cpp
  Reset.cpp
  RetrieveMessage.cpp
  SendDatagram.cpp
  ShouldSkipAnimationFrame.cpp
  StandardBlendingRules.cpp
  UpdateClientSideAnimation.cpp
  VertexBufferLock.cpp
  正在生成代码...
  正在编译...
  WriteUsercmdDeltaToBuffer.cpp
  Exports.cpp
  Security.cpp
D:\2022\VC\Tools\MSVC\14.29.30133\include\xutility(149,56): warning C4244: “初始化”: 从“_Ty”转换到“_Ty”，可能丢失数据
          with
          [
              _Ty=int
          ]
          and
          [
              _Ty=float
          ]
D:\2022\VC\Tools\MSVC\14.29.30133\include\any(297): message : 查看对正在编译的函数 模板 实例化“void std::_Construct_in_place<_Decayed,_Ty>(float &,_Ty &&) noexcept”的引用
          with
          [
              _Decayed=float,
              _Ty=int
          ]
D:\2022\VC\Tools\MSVC\14.29.30133\include\any(149): message : 查看对正在编译的函数 模板 实例化“_Decayed &std::any::_Emplace<float,_Ty>(_Ty &&)”的引用
          with
          [
              _Decayed=float,
              _Ty=int
          ]
D:\2022\VC\Tools\MSVC\14.29.30133\include\any(361): message : 查看对正在编译的函数 模板 实例化“std::any::any<_ValueType,_Ty,0>(std::in_place_type_t<_ValueType>,_Ty &&)”的引用
          with
          [
              _ValueType=float,
              _Ty=int
          ]
E:\gamesense_legacy\Kaaba.su\pandora-final\SDK\variables.hpp(169): message : 查看对正在编译的函数 模板 实例化“std::any std::make_any<T,_Ty>(_Ty &&)”的引用
          with
          [
              T=float,
              _Ty=int
          ]
E:\gamesense_legacy\Kaaba.su\pandora-final\SDK\variables.hpp(503): message : 查看对正在编译的函数 模板 实例化“T *CBaseGroup::AddOption<float,int>(const char *,int &&)”的引用
          with
          [
              T=float
          ]
  ColorPicker.cpp
  Hotkey.cpp
  sprite.cpp
  CClientState.cpp
  CCSGameRules.cpp
  IInputSystem.cpp
  characterset.cpp
  CrashHandler.cpp
  DispatchUserMessage.cpp
  IsBoxVisible.cpp
  IsConnected.cpp
  IsPlayingDemo.cpp
  LogSystem.cpp
  Elements.cpp
  Button.cpp
  Checkbox.cpp
  Dropdown.cpp
  正在生成代码...
  正在编译...
  Form.cpp
  Group.cpp
  GUI.cpp
  Label.cpp
  Listbox.cpp
  MultiDropdown.cpp
  Slider.cpp
  Textbox.cpp
  InputHelper.cpp
  OnSoundStarted.cpp
  Config.cpp
  core.cpp
  CPlayerResource.cpp
  CreateMove.cpp
  CUserCmd.cpp
  variables.cpp
  Displacement.cpp
  DoPostScreenEffects.cpp
  DrawModel.cpp
  EmitSound.cpp
  正在生成代码...
  正在编译...
  entity.cpp
  EventLogger.cpp
  GameEvent.cpp
  GetScreenAspectRatio.cpp
  GrenadePrediction.cpp
  IBaseClientDll.cpp
  IClientEntityList.cpp
  IConVar.cpp
  IEngineTrace.cpp
  IGameMovement.cpp
  IInput.cpp
  IMemAlloc.cpp
  IMoveHelper.cpp
  InputSys.cpp
  InterpolateServerEntities.cpp
  IPanel.cpp
  IPrediction.cpp
  ISurface.cpp
  IVEngineClient.cpp
  KitParser.cpp
  正在生成代码...
  正在编译...
  LagCompensation.cpp
  ListLeavesInBox.cpp
  LockCursor.cpp
  DllMain.cpp
  Math.cpp
  Matrix.cpp
  OverrideView.cpp
  PacketStart.cpp
  PaintTraverse.cpp
  platform.cpp
  Player.cpp
  PlayerAnimState.cpp
  PlayerHooks.cpp
  EnginePrediction.cpp
  PropManager.cpp
  qangle.cpp
  Ragebot.cpp
  RecvProxyHooks.cpp
  Render.cpp
  RenderView.cpp
  正在生成代码...
  正在编译...
  Resolver.cpp
  RunCommand.cpp
  PatternScan.cpp
  sdk.cpp
  SendNetMsg.cpp
  SetReservationCookie.cpp
  SkinChanger.cpp
  source.cpp
  Print.cpp
  TickbaseShift.cpp
  atomic_lock.cpp
  mutex.cpp
  packed_heap.cpp
  semaphores.cpp
  shared_mutex.cpp
  threading.cpp
  UtlBuffer.cpp
  vector.cpp
  vector2d.cpp
  vector4d.cpp
  正在生成代码...
  正在编译...
  vmt_swap.cpp
  weapon.cpp
  正在生成代码...
  lapi.c
  lauxlib.c
  lbaselib.c
  lcode.c
  lcorolib.c
  lctype.c
  ldblib.c
  ldebug.c
  ldo.c
  ldump.c
  lfunc.c
  lgc.c
  linit.c
  liolib.c
  llex.c
  lmathlib.c
  lmem.c
  loadlib.c
  lobject.c
  lopcodes.c
  正在生成代码...
  正在编译...
  loslib.c
  lparser.c
  lstate.c
  lstring.c
  lstrlib.c
  ltable.c
  ltablib.c
  ltm.c
  luac.c
  lundump.c
  lutf8lib.c
  lvm.c
  lzio.c
  buffer.c
  hde32.c
  hde64.c
  hook.c
  trampoline.c
  正在生成代码...
    正在创建库 E:\gamesense_legacy\Kaaba.su\Developer\gamemesense.lib 和对象 E:\gamesense_legacy\Kaaba.su\Developer\gamemesense.exp
  LINK : 已指定 /LTCG，但不需要生成代码；从链接命令行中移除 /LTCG 以提高链接器性能
  pandora-final.vcxproj -> E:\gamesense_legacy\Kaaba.su\Developer\gamemesense.dll
